{"/home/timegorov/codefellows/code401/DivCenterBackend/src/server.js": {"path":"/home/timegorov/codefellows/code401/DivCenterBackend/src/server.js","statementMap":{"0":{"start":{"line":3,"column":16},"end":{"line":3,"column":34}},"1":{"start":{"line":4,"column":13},"end":{"line":4,"column":28}},"2":{"start":{"line":6,"column":23},"end":{"line":6,"column":54}},"3":{"start":{"line":7,"column":19},"end":{"line":7,"column":46}},"4":{"start":{"line":9,"column":12},"end":{"line":9,"column":21}},"5":{"start":{"line":11,"column":0},"end":{"line":11,"column":16}},"6":{"start":{"line":12,"column":0},"end":{"line":12,"column":24}},"7":{"start":{"line":15,"column":0},"end":{"line":15,"column":24}},"8":{"start":{"line":16,"column":0},"end":{"line":16,"column":20}},"9":{"start":{"line":22,"column":0},"end":{"line":27,"column":1}},"10":{"start":{"line":25,"column":4},"end":{"line":25,"column":82}},"11":{"start":{"line":25,"column":27},"end":{"line":25,"column":80}}},"fnMap":{"0":{"name":"(anonymous_0)","decl":{"start":{"line":24,"column":9},"end":{"line":24,"column":10}},"loc":{"start":{"line":24,"column":19},"end":{"line":26,"column":3}},"line":24},"1":{"name":"(anonymous_1)","decl":{"start":{"line":25,"column":21},"end":{"line":25,"column":22}},"loc":{"start":{"line":25,"column":27},"end":{"line":25,"column":80}},"line":25}},"branchMap":{},"s":{"0":1,"1":1,"2":1,"3":1,"4":1,"5":1,"6":1,"7":1,"8":1,"9":1,"10":0,"11":0},"f":{"0":0,"1":0},"b":{},"_coverageSchema":"1a1c01bbd47fc00a2c39e90264f33305004495a9","hash":"469af0a18432dca8d246bc398517e9e268291ad7"}
,"/home/timegorov/codefellows/code401/DivCenterBackend/src/models/index.js": {"path":"/home/timegorov/codefellows/code401/DivCenterBackend/src/models/index.js","statementMap":{"0":{"start":{"line":3,"column":0},"end":{"line":3,"column":27}},"1":{"start":{"line":5,"column":21},"end":{"line":5,"column":65}},"2":{"start":{"line":7,"column":33},"end":{"line":7,"column":53}},"3":{"start":{"line":9,"column":19},"end":{"line":9,"column":46}},"4":{"start":{"line":10,"column":23},"end":{"line":10,"column":54}},"5":{"start":{"line":15,"column":16},"end":{"line":22,"column":2}},"6":{"start":{"line":24,"column":13},"end":{"line":24,"column":45}},"7":{"start":{"line":25,"column":17},"end":{"line":25,"column":53}},"8":{"start":{"line":28,"column":0},"end":{"line":32,"column":1}}},"fnMap":{},"branchMap":{"0":{"loc":{"start":{"line":5,"column":21},"end":{"line":5,"column":65}},"type":"binary-expr","locations":[{"start":{"line":5,"column":21},"end":{"line":5,"column":45}},{"start":{"line":5,"column":49},"end":{"line":5,"column":65}}],"line":5}},"s":{"0":1,"1":1,"2":1,"3":1,"4":1,"5":1,"6":1,"7":1,"8":1},"f":{},"b":{"0":[1,1]},"_coverageSchema":"1a1c01bbd47fc00a2c39e90264f33305004495a9","hash":"ed2eba0dbdca7dad46e32353ac420b0cb1f343b7"}
,"/home/timegorov/codefellows/code401/DivCenterBackend/src/models/services.schema.js": {"path":"/home/timegorov/codefellows/code401/DivCenterBackend/src/models/services.schema.js","statementMap":{"0":{"start":{"line":3,"column":0},"end":{"line":35,"column":1}},"1":{"start":{"line":6,"column":2},"end":{"line":34,"column":4}}},"fnMap":{"0":{"name":"(anonymous_0)","decl":{"start":{"line":3,"column":17},"end":{"line":3,"column":18}},"loc":{"start":{"line":3,"column":43},"end":{"line":35,"column":1}},"line":3}},"branchMap":{},"s":{"0":1,"1":1},"f":{"0":1},"b":{},"_coverageSchema":"1a1c01bbd47fc00a2c39e90264f33305004495a9","hash":"acf0ef0e20ffac59644de0655a33999e927a4bcb"}
,"/home/timegorov/codefellows/code401/DivCenterBackend/src/models/user.schema.js": {"path":"/home/timegorov/codefellows/code401/DivCenterBackend/src/models/user.schema.js","statementMap":{"0":{"start":{"line":3,"column":12},"end":{"line":3,"column":35}},"1":{"start":{"line":4,"column":15},"end":{"line":4,"column":32}},"2":{"start":{"line":6,"column":13},"end":{"line":6,"column":49}},"3":{"start":{"line":8,"column":0},"end":{"line":74,"column":1}},"4":{"start":{"line":9,"column":14},"end":{"line":45,"column":4}},"5":{"start":{"line":25,"column":8},"end":{"line":25,"column":61}},"6":{"start":{"line":28,"column":20},"end":{"line":28,"column":46}},"7":{"start":{"line":29,"column":8},"end":{"line":29,"column":21}},"8":{"start":{"line":35,"column":20},"end":{"line":38,"column":9}},"9":{"start":{"line":39,"column":8},"end":{"line":39,"column":30}},"10":{"start":{"line":48,"column":2},"end":{"line":51,"column":5}},"11":{"start":{"line":49,"column":25},"end":{"line":49,"column":61}},"12":{"start":{"line":50,"column":4},"end":{"line":50,"column":35}},"13":{"start":{"line":54,"column":2},"end":{"line":59,"column":3}},"14":{"start":{"line":55,"column":17},"end":{"line":55,"column":60}},"15":{"start":{"line":56,"column":18},"end":{"line":56,"column":63}},"16":{"start":{"line":57,"column":4},"end":{"line":57,"column":31}},"17":{"start":{"line":57,"column":17},"end":{"line":57,"column":29}},"18":{"start":{"line":58,"column":4},"end":{"line":58,"column":36}},"19":{"start":{"line":62,"column":2},"end":{"line":71,"column":3}},"20":{"start":{"line":63,"column":4},"end":{"line":70,"column":5}},"21":{"start":{"line":64,"column":26},"end":{"line":64,"column":51}},"22":{"start":{"line":65,"column":19},"end":{"line":65,"column":67}},"23":{"start":{"line":66,"column":6},"end":{"line":66,"column":32}},"24":{"start":{"line":66,"column":18},"end":{"line":66,"column":30}},"25":{"start":{"line":67,"column":6},"end":{"line":67,"column":40}},"26":{"start":{"line":69,"column":6},"end":{"line":69,"column":32}},"27":{"start":{"line":73,"column":2},"end":{"line":73,"column":15}}},"fnMap":{"0":{"name":"(anonymous_0)","decl":{"start":{"line":8,"column":17},"end":{"line":8,"column":18}},"loc":{"start":{"line":8,"column":43},"end":{"line":74,"column":1}},"line":8},"1":{"name":"(anonymous_1)","decl":{"start":{"line":24,"column":6},"end":{"line":24,"column":7}},"loc":{"start":{"line":24,"column":12},"end":{"line":26,"column":7}},"line":24},"2":{"name":"(anonymous_2)","decl":{"start":{"line":27,"column":6},"end":{"line":27,"column":7}},"loc":{"start":{"line":27,"column":20},"end":{"line":30,"column":7}},"line":27},"3":{"name":"(anonymous_3)","decl":{"start":{"line":34,"column":6},"end":{"line":34,"column":7}},"loc":{"start":{"line":34,"column":12},"end":{"line":40,"column":7}},"line":34},"4":{"name":"(anonymous_4)","decl":{"start":{"line":48,"column":21},"end":{"line":48,"column":22}},"loc":{"start":{"line":48,"column":37},"end":{"line":51,"column":3}},"line":48},"5":{"name":"(anonymous_5)","decl":{"start":{"line":54,"column":28},"end":{"line":54,"column":29}},"loc":{"start":{"line":54,"column":64},"end":{"line":59,"column":3}},"line":54},"6":{"name":"(anonymous_6)","decl":{"start":{"line":62,"column":29},"end":{"line":62,"column":30}},"loc":{"start":{"line":62,"column":52},"end":{"line":71,"column":3}},"line":62}},"branchMap":{"0":{"loc":{"start":{"line":6,"column":13},"end":{"line":6,"column":49}},"type":"binary-expr","locations":[{"start":{"line":6,"column":13},"end":{"line":6,"column":31}},{"start":{"line":6,"column":35},"end":{"line":6,"column":49}}],"line":6},"1":{"loc":{"start":{"line":57,"column":4},"end":{"line":57,"column":31}},"type":"if","locations":[{"start":{"line":57,"column":4},"end":{"line":57,"column":31}},{"start":{"line":57,"column":4},"end":{"line":57,"column":31}}],"line":57},"2":{"loc":{"start":{"line":66,"column":6},"end":{"line":66,"column":32}},"type":"if","locations":[{"start":{"line":66,"column":6},"end":{"line":66,"column":32}},{"start":{"line":66,"column":6},"end":{"line":66,"column":32}}],"line":66}},"s":{"0":1,"1":1,"2":1,"3":1,"4":1,"5":0,"6":0,"7":0,"8":0,"9":0,"10":1,"11":0,"12":0,"13":1,"14":0,"15":0,"16":0,"17":0,"18":0,"19":1,"20":0,"21":0,"22":0,"23":0,"24":0,"25":0,"26":0,"27":1},"f":{"0":1,"1":0,"2":0,"3":0,"4":0,"5":0,"6":0},"b":{"0":[1,1],"1":[0,0],"2":[0,0]},"_coverageSchema":"1a1c01bbd47fc00a2c39e90264f33305004495a9","hash":"88c31167e34e55a327dd1530f3ab184499a1a24d"}
,"/home/timegorov/codefellows/code401/DivCenterBackend/src/routes/services.js": {"path":"/home/timegorov/codefellows/code401/DivCenterBackend/src/routes/services.js","statementMap":{"0":{"start":{"line":3,"column":16},"end":{"line":3,"column":34}},"1":{"start":{"line":5,"column":13},"end":{"line":5,"column":42}},"2":{"start":{"line":6,"column":15},"end":{"line":6,"column":31}},"3":{"start":{"line":10,"column":0},"end":{"line":10,"column":33}},"4":{"start":{"line":11,"column":0},"end":{"line":11,"column":32}},"5":{"start":{"line":12,"column":0},"end":{"line":12,"column":44}},"6":{"start":{"line":13,"column":0},"end":{"line":13,"column":44}},"7":{"start":{"line":14,"column":0},"end":{"line":14,"column":47}},"8":{"start":{"line":19,"column":25},"end":{"line":19,"column":37}},"9":{"start":{"line":20,"column":23},"end":{"line":20,"column":65}},"10":{"start":{"line":22,"column":2},"end":{"line":22,"column":42}},"11":{"start":{"line":26,"column":22},"end":{"line":26,"column":51}},"12":{"start":{"line":28,"column":2},"end":{"line":28,"column":40}},"13":{"start":{"line":32,"column":21},"end":{"line":32,"column":46}},"14":{"start":{"line":33,"column":25},"end":{"line":37,"column":4}},"15":{"start":{"line":39,"column":2},"end":{"line":39,"column":44}},"16":{"start":{"line":43,"column":21},"end":{"line":43,"column":46}},"17":{"start":{"line":44,"column":25},"end":{"line":44,"column":37}},"18":{"start":{"line":45,"column":23},"end":{"line":45,"column":81}},"19":{"start":{"line":46,"column":2},"end":{"line":46,"column":44}},"20":{"start":{"line":48,"column":2},"end":{"line":48,"column":42}},"21":{"start":{"line":52,"column":21},"end":{"line":52,"column":46}},"22":{"start":{"line":53,"column":2},"end":{"line":53,"column":61}},"23":{"start":{"line":55,"column":2},"end":{"line":55,"column":40}},"24":{"start":{"line":58,"column":0},"end":{"line":58,"column":24}}},"fnMap":{"0":{"name":"create","decl":{"start":{"line":18,"column":15},"end":{"line":18,"column":21}},"loc":{"start":{"line":18,"column":41},"end":{"line":23,"column":1}},"line":18},"1":{"name":"getAll","decl":{"start":{"line":25,"column":15},"end":{"line":25,"column":21}},"loc":{"start":{"line":25,"column":41},"end":{"line":29,"column":1}},"line":25},"2":{"name":"getOne","decl":{"start":{"line":31,"column":15},"end":{"line":31,"column":21}},"loc":{"start":{"line":31,"column":41},"end":{"line":40,"column":1}},"line":31},"3":{"name":"update","decl":{"start":{"line":42,"column":15},"end":{"line":42,"column":21}},"loc":{"start":{"line":42,"column":41},"end":{"line":49,"column":1}},"line":42},"4":{"name":"remove","decl":{"start":{"line":51,"column":15},"end":{"line":51,"column":21}},"loc":{"start":{"line":51,"column":41},"end":{"line":56,"column":1}},"line":51}},"branchMap":{},"s":{"0":1,"1":1,"2":1,"3":1,"4":1,"5":1,"6":1,"7":1,"8":1,"9":1,"10":1,"11":1,"12":1,"13":1,"14":1,"15":1,"16":0,"17":0,"18":0,"19":0,"20":0,"21":1,"22":1,"23":1,"24":1},"f":{"0":1,"1":1,"2":1,"3":0,"4":1},"b":{},"_coverageSchema":"1a1c01bbd47fc00a2c39e90264f33305004495a9","hash":"f2081b09ef00e28c5bf464c15137e8b22d338063"}
,"/home/timegorov/codefellows/code401/DivCenterBackend/src/routes/user.js": {"path":"/home/timegorov/codefellows/code401/DivCenterBackend/src/routes/user.js","statementMap":{"0":{"start":{"line":3,"column":16},"end":{"line":3,"column":34}},"1":{"start":{"line":5,"column":13},"end":{"line":5,"column":42}},"2":{"start":{"line":6,"column":15},"end":{"line":6,"column":31}},"3":{"start":{"line":10,"column":0},"end":{"line":10,"column":29}},"4":{"start":{"line":11,"column":0},"end":{"line":11,"column":28}},"5":{"start":{"line":12,"column":0},"end":{"line":12,"column":32}},"6":{"start":{"line":13,"column":0},"end":{"line":13,"column":32}},"7":{"start":{"line":14,"column":0},"end":{"line":14,"column":35}},"8":{"start":{"line":19,"column":21},"end":{"line":19,"column":33}},"9":{"start":{"line":20,"column":2},"end":{"line":20,"column":39}},"10":{"start":{"line":21,"column":19},"end":{"line":21,"column":53}},"11":{"start":{"line":22,"column":2},"end":{"line":22,"column":36}},"12":{"start":{"line":24,"column":2},"end":{"line":24,"column":38}},"13":{"start":{"line":28,"column":19},"end":{"line":28,"column":44}},"14":{"start":{"line":30,"column":2},"end":{"line":30,"column":37}},"15":{"start":{"line":34,"column":17},"end":{"line":34,"column":38}},"16":{"start":{"line":35,"column":21},"end":{"line":39,"column":4}},"17":{"start":{"line":41,"column":2},"end":{"line":41,"column":40}},"18":{"start":{"line":45,"column":17},"end":{"line":45,"column":38}},"19":{"start":{"line":46,"column":21},"end":{"line":46,"column":33}},"20":{"start":{"line":47,"column":19},"end":{"line":47,"column":69}},"21":{"start":{"line":48,"column":2},"end":{"line":48,"column":36}},"22":{"start":{"line":50,"column":2},"end":{"line":50,"column":38}},"23":{"start":{"line":54,"column":17},"end":{"line":54,"column":38}},"24":{"start":{"line":55,"column":2},"end":{"line":55,"column":53}},"25":{"start":{"line":57,"column":2},"end":{"line":57,"column":40}},"26":{"start":{"line":60,"column":0},"end":{"line":60,"column":24}}},"fnMap":{"0":{"name":"create","decl":{"start":{"line":18,"column":15},"end":{"line":18,"column":21}},"loc":{"start":{"line":18,"column":41},"end":{"line":25,"column":1}},"line":18},"1":{"name":"getAll","decl":{"start":{"line":27,"column":15},"end":{"line":27,"column":21}},"loc":{"start":{"line":27,"column":41},"end":{"line":31,"column":1}},"line":27},"2":{"name":"getOne","decl":{"start":{"line":33,"column":15},"end":{"line":33,"column":21}},"loc":{"start":{"line":33,"column":41},"end":{"line":42,"column":1}},"line":33},"3":{"name":"update","decl":{"start":{"line":44,"column":15},"end":{"line":44,"column":21}},"loc":{"start":{"line":44,"column":41},"end":{"line":51,"column":1}},"line":44},"4":{"name":"remove","decl":{"start":{"line":53,"column":15},"end":{"line":53,"column":21}},"loc":{"start":{"line":53,"column":41},"end":{"line":58,"column":1}},"line":53}},"branchMap":{},"s":{"0":1,"1":1,"2":1,"3":1,"4":1,"5":1,"6":1,"7":1,"8":0,"9":0,"10":0,"11":0,"12":0,"13":1,"14":1,"15":0,"16":0,"17":0,"18":0,"19":0,"20":0,"21":0,"22":0,"23":0,"24":0,"25":0,"26":1},"f":{"0":0,"1":1,"2":0,"3":0,"4":0},"b":{},"_coverageSchema":"1a1c01bbd47fc00a2c39e90264f33305004495a9","hash":"f580a5e7e5f59cf2c886decb0b6667e537558bdc"}
}
