TN:
SF:src/server.js
FN:24,(anonymous_0)
FN:25,(anonymous_1)
FNF:2
FNH:0
FNDA:0,(anonymous_0)
FNDA:0,(anonymous_1)
DA:3,1
DA:4,1
DA:6,1
DA:7,1
DA:9,1
DA:11,1
DA:12,1
DA:15,1
DA:16,1
DA:22,1
DA:25,0
LF:11
LH:10
BRF:0
BRH:0
end_of_record
TN:
SF:src/models/index.js
FNF:0
FNH:0
DA:3,1
DA:5,1
DA:7,1
DA:9,1
DA:10,1
DA:15,1
DA:24,1
DA:25,1
DA:28,1
LF:9
LH:9
BRDA:5,0,0,1
BRDA:5,0,1,1
BRF:2
BRH:2
end_of_record
TN:
SF:src/models/services.schema.js
FN:3,(anonymous_0)
FNF:1
FNH:1
FNDA:1,(anonymous_0)
DA:3,1
DA:6,1
LF:2
LH:2
BRF:0
BRH:0
end_of_record
TN:
SF:src/models/user.schema.js
FN:8,(anonymous_0)
FN:24,(anonymous_1)
FN:27,(anonymous_2)
FN:34,(anonymous_3)
FN:48,(anonymous_4)
FN:54,(anonymous_5)
FN:62,(anonymous_6)
FNF:7
FNH:1
FNDA:1,(anonymous_0)
FNDA:0,(anonymous_1)
FNDA:0,(anonymous_2)
FNDA:0,(anonymous_3)
FNDA:0,(anonymous_4)
FNDA:0,(anonymous_5)
FNDA:0,(anonymous_6)
DA:3,1
DA:4,1
DA:6,1
DA:8,1
DA:9,1
DA:25,0
DA:28,0
DA:29,0
DA:35,0
DA:39,0
DA:48,1
DA:49,0
DA:50,0
DA:54,1
DA:55,0
DA:56,0
DA:57,0
DA:58,0
DA:62,1
DA:63,0
DA:64,0
DA:65,0
DA:66,0
DA:67,0
DA:69,0
DA:73,1
LF:26
LH:9
BRDA:6,0,0,1
BRDA:6,0,1,1
BRDA:57,1,0,0
BRDA:57,1,1,0
BRDA:66,2,0,0
BRDA:66,2,1,0
BRF:6
BRH:2
end_of_record
TN:
SF:src/routes/services.js
FN:18,create
FN:25,getAll
FN:31,getOne
FN:42,update
FN:51,remove
FNF:5
FNH:4
FNDA:1,create
FNDA:1,getAll
FNDA:1,getOne
FNDA:0,update
FNDA:1,remove
DA:3,1
DA:5,1
DA:6,1
DA:10,1
DA:11,1
DA:12,1
DA:13,1
DA:14,1
DA:19,1
DA:20,1
DA:22,1
DA:26,1
DA:28,1
DA:32,1
DA:33,1
DA:39,1
DA:43,0
DA:44,0
DA:45,0
DA:46,0
DA:48,0
DA:52,1
DA:53,1
DA:55,1
DA:58,1
LF:25
LH:20
BRF:0
BRH:0
end_of_record
TN:
SF:src/routes/user.js
FN:18,create
FN:27,getAll
FN:33,getOne
FN:44,update
FN:53,remove
FNF:5
FNH:1
FNDA:0,create
FNDA:1,getAll
FNDA:0,getOne
FNDA:0,update
FNDA:0,remove
DA:3,1
DA:5,1
DA:6,1
DA:10,1
DA:11,1
DA:12,1
DA:13,1
DA:14,1
DA:19,0
DA:20,0
DA:21,0
DA:22,0
DA:24,0
DA:28,1
DA:30,1
DA:34,0
DA:35,0
DA:41,0
DA:45,0
DA:46,0
DA:47,0
DA:48,0
DA:50,0
DA:54,0
DA:55,0
DA:57,0
DA:60,1
LF:27
LH:11
BRF:0
BRH:0
end_of_record
